[debug] [2019-11-08T20:41:53.167Z] ----------------------------------------------------------------------
[debug] [2019-11-08T20:41:53.169Z] Command:       C:\Program Files\nodejs\node.exe C:\Users\jjgor\AppData\Roaming\npm\node_modules\firebase-tools\lib\bin\firebase.js init
[debug] [2019-11-08T20:41:53.169Z] CLI Version:   7.7.0
[debug] [2019-11-08T20:41:53.169Z] Platform:      win32
[debug] [2019-11-08T20:41:53.169Z] Node Version:  v10.15.3
[debug] [2019-11-08T20:41:53.170Z] Time:          Fri Nov 08 2019 20:41:53 GMT+0000 (Greenwich Mean Time)
[debug] [2019-11-08T20:41:53.170Z] ----------------------------------------------------------------------
[debug] [2019-11-08T20:41:53.170Z] 
[debug] [2019-11-08T20:41:53.176Z] > command requires scopes: ["email","openid","https://www.googleapis.com/auth/cloudplatformprojects.readonly","https://www.googleapis.com/auth/firebase","https://www.googleapis.com/auth/cloud-platform"]
[debug] [2019-11-08T20:41:53.176Z] > authorizing via signed-in user
[info] 
     ######## #### ########  ######## ########     ###     ######  ########
     ##        ##  ##     ## ##       ##     ##  ##   ##  ##       ##
     ######    ##  ########  ######   ########  #########  ######  ######
     ##        ##  ##    ##  ##       ##     ## ##     ##       ## ##
     ##       #### ##     ## ######## ########  ##     ##  ######  ########

You're about to initialize a Firebase project in this directory:

  C:\Users\jjgor\Desktop\ca1 aj 4th yr\pokompare

[debug] [2019-11-08T20:42:31.560Z] ----------------------------------------------------------------------
[debug] [2019-11-08T20:42:31.561Z] Command:       C:\Program Files\nodejs\node.exe C:\Users\jjgor\AppData\Roaming\npm\node_modules\firebase-tools\lib\bin\firebase.js init
[debug] [2019-11-08T20:42:31.562Z] CLI Version:   7.7.0
[debug] [2019-11-08T20:42:31.562Z] Platform:      win32
[debug] [2019-11-08T20:42:31.562Z] Node Version:  v10.15.3
[debug] [2019-11-08T20:42:31.562Z] Time:          Fri Nov 08 2019 20:42:31 GMT+0000 (Greenwich Mean Time)
[debug] [2019-11-08T20:42:31.562Z] ----------------------------------------------------------------------
[debug] [2019-11-08T20:42:31.562Z] 
[debug] [2019-11-08T20:42:31.568Z] > command requires scopes: ["email","openid","https://www.googleapis.com/auth/cloudplatformprojects.readonly","https://www.googleapis.com/auth/firebase","https://www.googleapis.com/auth/cloud-platform"]
[debug] [2019-11-08T20:42:31.569Z] > authorizing via signed-in user
[info] 
     ######## #### ########  ######## ########     ###     ######  ########
     ##        ##  ##     ## ##       ##     ##  ##   ##  ##       ##
     ######    ##  ########  ######   ########  #########  ######  ######
     ##        ##  ##    ##  ##       ##     ## ##     ##       ## ##
     ##       #### ##     ## ######## ########  ##     ##  ######  ########

You're about to initialize a Firebase project in this directory:

  C:\Users\jjgor\Desktop\ca1 aj 4th yr\pokompare

[info] 
=== Project Setup
[info] 
[info] First, let's associate this project directory with a Firebase project.
[info] You can create multiple project aliases by running firebase use --add, 
[info] but for now we'll just set up a default project.
[info] 
[info] i  If you want to create a project in a Google Cloud organization or folder, please use "firebase projects:create" instead, and return to this command when you've created the project.
[debug] [2019-11-08T20:43:47.137Z] > refreshing access token with scopes: ["email","https://www.googleapis.com/auth/cloud-platform","https://www.googleapis.com/auth/cloudplatformprojects.readonly","https://www.googleapis.com/auth/firebase","openid"]
[debug] [2019-11-08T20:43:47.138Z] >>> HTTP REQUEST POST https://www.googleapis.com/oauth2/v3/token  
 <request body omitted>
[debug] [2019-11-08T20:43:47.227Z] <<< HTTP RESPONSE 200
[debug] [2019-11-08T20:43:47.235Z] >>> HTTP REQUEST POST https://cloudresourcemanager.googleapis.com/v1/projects  

[debug] [2019-11-08T20:43:47.417Z] <<< HTTP RESPONSE 400
[debug] [2019-11-08T20:43:47.417Z] <<< HTTP RESPONSE BODY
[debug] [2019-11-08T20:43:47.419Z] HTTP Error: 400, field [project_id] has issue [project_id contains invalid characters]
[debug] [2019-11-08T20:43:47.423Z] FirebaseError: HTTP Error: 400, field [project_id] has issue [project_id contains invalid characters]
    at module.exports (C:\Users\jjgor\AppData\Roaming\npm\node_modules\firebase-tools\lib\responseToError.js:38:12)
    at Request._callback (C:\Users\jjgor\AppData\Roaming\npm\node_modules\firebase-tools\lib\api.js:39:35)
    at Request.self.callback (C:\Users\jjgor\AppData\Roaming\npm\node_modules\firebase-tools\node_modules\request\request.js:185:22)
    at Request.emit (events.js:189:13)
    at Request.EventEmitter.emit (domain.js:441:20)
    at Request.<anonymous> (C:\Users\jjgor\AppData\Roaming\npm\node_modules\firebase-tools\node_modules\request\request.js:1161:10)
    at Request.emit (events.js:189:13)
    at Request.EventEmitter.emit (domain.js:441:20)
    at IncomingMessage.<anonymous> (C:\Users\jjgor\AppData\Roaming\npm\node_modules\firebase-tools\node_modules\request\request.js:1083:12)
    at Object.onceWrapper (events.js:277:13)
[error] 
[error] Error: Failed to create Google Cloud project. See firebase-debug.log for more info.
[debug] [2019-11-08T20:45:05.747Z] ----------------------------------------------------------------------
[debug] [2019-11-08T20:45:05.748Z] Command:       C:\Program Files\nodejs\node.exe C:\Users\jjgor\AppData\Roaming\npm\node_modules\firebase-tools\lib\bin\firebase.js init
[debug] [2019-11-08T20:45:05.749Z] CLI Version:   7.7.0
[debug] [2019-11-08T20:45:05.749Z] Platform:      win32
[debug] [2019-11-08T20:45:05.749Z] Node Version:  v10.15.3
[debug] [2019-11-08T20:45:05.749Z] Time:          Fri Nov 08 2019 20:45:05 GMT+0000 (Greenwich Mean Time)
[debug] [2019-11-08T20:45:05.749Z] ----------------------------------------------------------------------
[debug] [2019-11-08T20:45:05.749Z] 
[debug] [2019-11-08T20:45:05.755Z] > command requires scopes: ["email","openid","https://www.googleapis.com/auth/cloudplatformprojects.readonly","https://www.googleapis.com/auth/firebase","https://www.googleapis.com/auth/cloud-platform"]
[debug] [2019-11-08T20:45:05.756Z] > authorizing via signed-in user
[info] 
     ######## #### ########  ######## ########     ###     ######  ########
     ##        ##  ##     ## ##       ##     ##  ##   ##  ##       ##
     ######    ##  ########  ######   ########  #########  ######  ######
     ##        ##  ##    ##  ##       ##     ## ##     ##       ## ##
     ##       #### ##     ## ######## ########  ##     ##  ######  ########

You're about to initialize a Firebase project in this directory:

  C:\Users\jjgor\Desktop\ca1 aj 4th yr\pokompare

[info] 
=== Project Setup
[info] 
[info] First, let's associate this project directory with a Firebase project.
[info] You can create multiple project aliases by running firebase use --add, 
[info] but for now we'll just set up a default project.
[info] 
[debug] [2019-11-08T20:45:12.709Z] >>> HTTP REQUEST GET https://firebase.googleapis.com/v1beta1/projects?pageSize=100  
 
[debug] [2019-11-08T20:45:13.202Z] <<< HTTP RESPONSE 200
[info] i  Using project pokompare (PoKompare)
[info] 
=== Hosting Setup
[info] 
[info] Your public directory is the folder (relative to your project directory) that
[info] will contain Hosting assets to be uploaded with firebase deploy. If you
[info] have a build process for your assets, use your build's output directory.
[info] 
[debug] [2019-11-08T20:46:05.462Z] >>> HTTP REQUEST GET https://www.gstatic.com/firebasejs/releases.json  
 
[debug] [2019-11-08T20:46:05.537Z] <<< HTTP RESPONSE 200
